This is pdfTeX, Version 3.14159265-2.6-1.40.20 (TeX Live 2019/W32TeX) (preloaded format=pdflatex 2019.7.30)  4 SEP 2019 11:06
entering extended mode
 restricted \write18 enabled.
 %&-line parsing enabled.
**paper.tex
(./paper.tex
LaTeX2e <2018-12-01>
(./llncs.cls
Document Class: llncs 2018/03/10 v2.20 
 LaTeX document class for Lecture Notes in Computer Science
(e:/NewSoft/latex/texlive/2019/texmf-dist/tex/latex/base/article.cls
Document Class: article 2018/09/03 v1.4i Standard LaTeX document class
(e:/NewSoft/latex/texlive/2019/texmf-dist/tex/latex/base/size10.clo
File: size10.clo 2018/09/03 v1.4i Standard LaTeX file (size option)
)
\c@part=\count80
\c@section=\count81
\c@subsection=\count82
\c@subsubsection=\count83
\c@paragraph=\count84
\c@subparagraph=\count85
\c@figure=\count86
\c@table=\count87
\abovecaptionskip=\skip41
\belowcaptionskip=\skip42
\bibindent=\dimen102
)
(e:/NewSoft/latex/texlive/2019/texmf-dist/tex/latex/tools/multicol.sty
Package: multicol 2018/12/27 v1.8v multicolumn formatting (FMi)
\c@tracingmulticols=\count88
\mult@box=\box27
\multicol@leftmargin=\dimen103
\c@unbalance=\count89
\c@collectmore=\count90
\doublecol@number=\count91
\multicoltolerance=\count92
\multicolpretolerance=\count93
\full@width=\dimen104
\page@free=\dimen105
\premulticols=\dimen106
\postmulticols=\dimen107
\multicolsep=\skip43
\multicolbaselineskip=\skip44
\partial@page=\box28
\last@line=\box29
\maxbalancingoverflow=\dimen108
\mult@rightbox=\box30
\mult@grightbox=\box31
\mult@gfirstbox=\box32
\mult@firstbox=\box33
\@tempa=\box34
\@tempa=\box35
\@tempa=\box36
\@tempa=\box37
\@tempa=\box38
\@tempa=\box39
\@tempa=\box40
\@tempa=\box41
\@tempa=\box42
\@tempa=\box43
\@tempa=\box44
\@tempa=\box45
\@tempa=\box46
\@tempa=\box47
\@tempa=\box48
\@tempa=\box49
\@tempa=\box50
\c@columnbadness=\count94
\c@finalcolumnbadness=\count95
\last@try=\dimen109
\multicolovershoot=\dimen110
\multicolundershoot=\dimen111
\mult@nat@firstbox=\box51
\colbreak@box=\box52
\mc@col@check@num=\count96
)
(e:/NewSoft/latex/texlive/2019/texmf-dist/tex/latex/oberdiek/aliascnt.sty
Package: aliascnt 2018/09/07 v1.5 Alias counters (HO)
)
\c@chapter=\count97
LaTeX Font Info:    Redeclaring math symbol \Gamma on input line 362.
LaTeX Font Info:    Redeclaring math symbol \Delta on input line 363.
LaTeX Font Info:    Redeclaring math symbol \Theta on input line 364.
LaTeX Font Info:    Redeclaring math symbol \Lambda on input line 365.
LaTeX Font Info:    Redeclaring math symbol \Xi on input line 366.
LaTeX Font Info:    Redeclaring math symbol \Pi on input line 367.
LaTeX Font Info:    Redeclaring math symbol \Sigma on input line 368.
LaTeX Font Info:    Redeclaring math symbol \Upsilon on input line 369.
LaTeX Font Info:    Redeclaring math symbol \Phi on input line 370.
LaTeX Font Info:    Redeclaring math symbol \Psi on input line 371.
LaTeX Font Info:    Redeclaring math symbol \Omega on input line 372.
\tocchpnum=\dimen112
\tocsecnum=\dimen113
\tocsectotal=\dimen114
\tocsubsecnum=\dimen115
\tocsubsectotal=\dimen116
\tocsubsubsecnum=\dimen117
\tocsubsubsectotal=\dimen118
\tocparanum=\dimen119
\tocparatotal=\dimen120
\tocsubparanum=\dimen121
\@tempcntc=\count98
\fnindent=\dimen122
\c@@inst=\count99
\c@@auth=\count100
\c@auco=\count101
\instindent=\dimen123
\authrun=\box53
\authorrunning=\toks14
\tocauthor=\toks15
\titrun=\box54
\titlerunning=\toks16
\toctitle=\toks17
\c@theorem=\count102
\c@case=\count103
\c@conjecture=\count104
\c@corollary=\count105
\c@definition=\count106
\c@example=\count107
\c@exercise=\count108
\c@lemma=\count109
\c@note=\count110
\c@problem=\count111
\c@property=\count112
\c@proposition=\count113
\c@question=\count114
\c@solution=\count115
\c@remark=\count116
\headlineindent=\dimen124
)
(e:/NewSoft/latex/texlive/2019/texmf-dist/tex/latex/graphics/graphicx.sty
Package: graphicx 2017/06/01 v1.1a Enhanced LaTeX Graphics (DPC,SPQR)

(e:/NewSoft/latex/texlive/2019/texmf-dist/tex/latex/graphics/keyval.sty
Package: keyval 2014/10/28 v1.15 key=value parser (DPC)
\KV@toks@=\toks18
)
(e:/NewSoft/latex/texlive/2019/texmf-dist/tex/latex/graphics/graphics.sty
Package: graphics 2017/06/25 v1.2c Standard LaTeX Graphics (DPC,SPQR)

(e:/NewSoft/latex/texlive/2019/texmf-dist/tex/latex/graphics/trig.sty
Package: trig 2016/01/03 v1.10 sin cos tan (DPC)
)
(e:/NewSoft/latex/texlive/2019/texmf-dist/tex/latex/graphics-cfg/graphics.cfg
File: graphics.cfg 2016/06/04 v1.11 sample graphics configuration
)
Package graphics Info: Driver file: pdftex.def on input line 99.

(e:/NewSoft/latex/texlive/2019/texmf-dist/tex/latex/graphics-def/pdftex.def
File: pdftex.def 2018/01/08 v1.0l Graphics/color driver for pdftex
))
\Gin@req@height=\dimen125
\Gin@req@width=\dimen126
)
(e:/NewSoft/latex/texlive/2019/texmf-dist/tex/latex/amsmath/amsmath.sty
Package: amsmath 2018/12/01 v2.17b AMS math features
\@mathmargin=\skip45

For additional information on amsmath, use the `?' option.
(e:/NewSoft/latex/texlive/2019/texmf-dist/tex/latex/amsmath/amstext.sty
Package: amstext 2000/06/29 v2.01 AMS text

(e:/NewSoft/latex/texlive/2019/texmf-dist/tex/latex/amsmath/amsgen.sty
File: amsgen.sty 1999/11/30 v2.0 generic functions
\@emptytoks=\toks19
\ex@=\dimen127
))
(e:/NewSoft/latex/texlive/2019/texmf-dist/tex/latex/amsmath/amsbsy.sty
Package: amsbsy 1999/11/29 v1.2d Bold Symbols
\pmbraise@=\dimen128
)
(e:/NewSoft/latex/texlive/2019/texmf-dist/tex/latex/amsmath/amsopn.sty
Package: amsopn 2016/03/08 v2.02 operator names
)
\inf@bad=\count117
LaTeX Info: Redefining \frac on input line 223.
\uproot@=\count118
\leftroot@=\count119
LaTeX Info: Redefining \overline on input line 385.
\classnum@=\count120
\DOTSCASE@=\count121
LaTeX Info: Redefining \ldots on input line 482.
LaTeX Info: Redefining \dots on input line 485.
LaTeX Info: Redefining \cdots on input line 606.
\Mathstrutbox@=\box55
\strutbox@=\box56
\big@size=\dimen129
LaTeX Font Info:    Redeclaring font encoding OML on input line 729.
LaTeX Font Info:    Redeclaring font encoding OMS on input line 730.


Package amsmath Warning: Unable to redefine math accent \vec.

\macc@depth=\count122
\c@MaxMatrixCols=\count123
\dotsspace@=\muskip10
\c@parentequation=\count124
\dspbrk@lvl=\count125
\tag@help=\toks20
\row@=\count126
\column@=\count127
\maxfields@=\count128
\andhelp@=\toks21
\eqnshift@=\dimen130
\alignsep@=\dimen131
\tagshift@=\dimen132
\tagwidth@=\dimen133
\totwidth@=\dimen134
\lineht@=\dimen135
\@envbody=\toks22
\multlinegap=\skip46
\multlinetaggap=\skip47
\mathdisplay@stack=\toks23
LaTeX Info: Redefining \[ on input line 2844.
LaTeX Info: Redefining \] on input line 2845.
) (e:/NewSoft/latex/texlive/2019/texmf-dist/tex/latex/cite/cite.sty
LaTeX Info: Redefining \cite on input line 302.
LaTeX Info: Redefining \nocite on input line 332.
Package: cite 2015/02/27  v 5.5
)
(e:/NewSoft/latex/texlive/2019/texmf-dist/tex/latex/listings/listings.sty
\lst@mode=\count129
\lst@gtempboxa=\box57
\lst@token=\toks24
\lst@length=\count130
\lst@currlwidth=\dimen136
\lst@column=\count131
\lst@pos=\count132
\lst@lostspace=\dimen137
\lst@width=\dimen138
\lst@newlines=\count133
\lst@lineno=\count134
\lst@maxwidth=\dimen139

(e:/NewSoft/latex/texlive/2019/texmf-dist/tex/latex/listings/lstmisc.sty
File: lstmisc.sty 2019/02/27 1.8b (Carsten Heinz)
\c@lstnumber=\count135
\lst@skipnumbers=\count136
\lst@framebox=\box58
)
(e:/NewSoft/latex/texlive/2019/texmf-dist/tex/latex/listings/listings.cfg
File: listings.cfg 2019/02/27 1.8b listings configuration
))
Package: listings 2019/02/27 1.8b (Carsten Heinz)

(e:/NewSoft/latex/texlive/2019/texmf-dist/tex/latex/algorithms/algorithm.sty
Package: algorithm 2009/08/24 v0.1 Document Style `algorithm' - floating enviro
nment

(e:/NewSoft/latex/texlive/2019/texmf-dist/tex/latex/float/float.sty
Package: float 2001/11/08 v1.3d Float enhancements (AL)
\c@float@type=\count137
\float@exts=\toks25
\float@box=\box59
\@float@everytoks=\toks26
\@floatcapt=\box60
)
(e:/NewSoft/latex/texlive/2019/texmf-dist/tex/latex/base/ifthen.sty
Package: ifthen 2014/09/29 v1.1c Standard LaTeX ifthen package (DPC)
)
\@float@every@algorithm=\toks27
\c@algorithm=\count138
)
(e:/NewSoft/latex/texlive/2019/texmf-dist/tex/latex/algorithmicx/algorithmicx.s
ty
Package: algorithmicx 2005/04/27 v1.2 Algorithmicx

Document Style algorithmicx 1.2 - a greatly improved `algorithmic' style
\c@ALG@line=\count139
\c@ALG@rem=\count140
\c@ALG@nested=\count141
\ALG@tlm=\skip48
\ALG@thistlm=\skip49
\c@ALG@Lnr=\count142
\c@ALG@blocknr=\count143
\c@ALG@storecount=\count144
\c@ALG@tmpcounter=\count145
\ALG@tmplength=\skip50
)
(e:/NewSoft/latex/texlive/2019/texmf-dist/tex/latex/algorithmicx/algpseudocode.
sty
Package: algpseudocode 

Document Style - pseudocode environments for use with the `algorithmicx' style
) (e:/NewSoft/latex/texlive/2019/texmf-dist/tex/latex/setspace/setspace.sty
Package: setspace 2011/12/19 v6.7a set line spacing
)
(e:/NewSoft/latex/texlive/2019/texmf-dist/tex/latex/booktabs/booktabs.sty
Package: booktabs 2016/04/27 v1.618033 publication quality tables
\heavyrulewidth=\dimen140
\lightrulewidth=\dimen141
\cmidrulewidth=\dimen142
\belowrulesep=\dimen143
\belowbottomsep=\dimen144
\aboverulesep=\dimen145
\abovetopsep=\dimen146
\cmidrulesep=\dimen147
\cmidrulekern=\dimen148
\defaultaddspace=\dimen149
\@cmidla=\count146
\@cmidlb=\count147
\@aboverulesep=\dimen150
\@belowrulesep=\dimen151
\@thisruleclass=\count148
\@lastruleclass=\count149
\@thisrulewidth=\dimen152
)
(e:/NewSoft/latex/texlive/2019/texmf-dist/tex/latex/tools/array.sty
Package: array 2018/12/30 v2.4k Tabular extension package (FMi)
\col@sep=\dimen153
\ar@mcellbox=\box61
\extrarowheight=\dimen154
\NC@list=\toks28
\extratabsurround=\skip51
\backup@length=\skip52
\ar@cellbox=\box62
)
(e:/NewSoft/latex/texlive/2019/texmf-dist/tex/latex/multirow/multirow.sty
Package: multirow 2019/01/01 v2.4 Span multiple rows of a table
\multirow@colwidth=\skip53
\multirow@cntb=\count150
\multirow@dima=\skip54
\bigstrutjot=\dimen155
)
(./paper.aux

LaTeX Warning: Label `table1' multiply defined.


LaTeX Warning: Label `table1' multiply defined.

)
\openout1 = `paper.aux'.

LaTeX Font Info:    Checking defaults for OML/cmm/m/it on input line 26.
LaTeX Font Info:    ... okay on input line 26.
LaTeX Font Info:    Checking defaults for T1/cmr/m/n on input line 26.
LaTeX Font Info:    ... okay on input line 26.
LaTeX Font Info:    Checking defaults for OT1/cmr/m/n on input line 26.
LaTeX Font Info:    ... okay on input line 26.
LaTeX Font Info:    Checking defaults for OMS/cmsy/m/n on input line 26.
LaTeX Font Info:    ... okay on input line 26.
LaTeX Font Info:    Checking defaults for OMX/cmex/m/n on input line 26.
LaTeX Font Info:    ... okay on input line 26.
LaTeX Font Info:    Checking defaults for U/cmr/m/n on input line 26.
LaTeX Font Info:    ... okay on input line 26.
 (e:/NewSoft/latex/texlive/2019/texmf-dist/tex/context/base/mkii/supp-pdf.mkii
[Loading MPS to PDF converter (version 2006.09.02).]
\scratchcounter=\count151
\scratchdimen=\dimen156
\scratchbox=\box63
\nofMPsegments=\count152
\nofMParguments=\count153
\everyMPshowfont=\toks29
\MPscratchCnt=\count154
\MPscratchDim=\dimen157
\MPnumerator=\count155
\makeMPintoPDFobject=\count156
\everyMPtoPDFconversion=\toks30
)
(e:/NewSoft/latex/texlive/2019/texmf-dist/tex/latex/oberdiek/epstopdf-base.sty
Package: epstopdf-base 2016/05/15 v2.6 Base part for package epstopdf

(e:/NewSoft/latex/texlive/2019/texmf-dist/tex/generic/oberdiek/infwarerr.sty
Package: infwarerr 2016/05/16 v1.4 Providing info/warning/error messages (HO)
)
(e:/NewSoft/latex/texlive/2019/texmf-dist/tex/latex/oberdiek/grfext.sty
Package: grfext 2016/05/16 v1.2 Manage graphics extensions (HO)

(e:/NewSoft/latex/texlive/2019/texmf-dist/tex/generic/oberdiek/kvdefinekeys.sty
Package: kvdefinekeys 2016/05/16 v1.4 Define keys (HO)
(e:/NewSoft/latex/texlive/2019/texmf-dist/tex/generic/oberdiek/ltxcmds.sty
Package: ltxcmds 2016/05/16 v1.23 LaTeX kernel commands for general use (HO)
)))
(e:/NewSoft/latex/texlive/2019/texmf-dist/tex/latex/oberdiek/kvoptions.sty
Package: kvoptions 2016/05/16 v3.12 Key value format for package options (HO)

(e:/NewSoft/latex/texlive/2019/texmf-dist/tex/generic/oberdiek/kvsetkeys.sty
Package: kvsetkeys 2016/05/16 v1.17 Key value parser (HO)

(e:/NewSoft/latex/texlive/2019/texmf-dist/tex/generic/oberdiek/etexcmds.sty
Package: etexcmds 2016/05/16 v1.6 Avoid name clashes with e-TeX commands (HO)

(e:/NewSoft/latex/texlive/2019/texmf-dist/tex/generic/oberdiek/ifluatex.sty
Package: ifluatex 2016/05/16 v1.4 Provides the ifluatex switch (HO)
Package ifluatex Info: LuaTeX not detected.
)))) (e:/NewSoft/latex/texlive/2019/texmf-dist/tex/generic/oberdiek/pdftexcmds.
sty
Package: pdftexcmds 2018/09/10 v0.29 Utility functions of pdfTeX for LuaTeX (HO
)

(e:/NewSoft/latex/texlive/2019/texmf-dist/tex/generic/oberdiek/ifpdf.sty
Package: ifpdf 2018/09/07 v3.3 Provides the ifpdf switch
)
Package pdftexcmds Info: LuaTeX not detected.
Package pdftexcmds Info: \pdf@primitive is available.
Package pdftexcmds Info: \pdf@ifprimitive is available.
Package pdftexcmds Info: \pdfdraftmode found.
)
Package epstopdf-base Info: Redefining graphics rule for `.eps' on input line 4
38.
Package grfext Info: Graphics extension search list:
(grfext)             [.pdf,.png,.jpg,.mps,.jpeg,.jbig2,.jb2,.PDF,.PNG,.JPG,.JPE
G,.JBIG2,.JB2,.eps]
(grfext)             \AppendGraphicsExtensions on input line 456.

(e:/NewSoft/latex/texlive/2019/texmf-dist/tex/latex/latexconfig/epstopdf-sys.cf
g
File: epstopdf-sys.cfg 2010/07/13 v1.3 Configuration of (r)epstopdf for TeX Liv
e
))
\c@lstlisting=\count157

Title too long for running head. Please supply
a shorter form with \titlerunning prior to \maketitle
LaTeX Font Info:    Try loading font information for OMS+cmr on input line 57.
(e:/NewSoft/latex/texlive/2019/texmf-dist/tex/latex/base/omscmr.fd
File: omscmr.fd 2014/09/29 v2.5h Standard LaTeX font definitions
)
LaTeX Font Info:    Font shape `OMS/cmr/m/n' in size <9> not available
(Font)              Font shape `OMS/cmsy/m/n' tried instead on input line 57.

(./introduction.tex [1

{e:/NewSoft/latex/texlive/2019/texmf-var/fonts/map/pdftex/updmap/pdftex.map}]) 
(./overview.tex
<scenario.png, id=14, 2175.62813pt x 935.74594pt>
File: scenario.png Graphic file (type png)
<use scenario.png>
Package pdftex.def Info: scenario.png  used on input line 7.
(pdftex.def)             Requested size: 312.40906pt x 134.35893pt.
 [2]
Overfull \hbox (89.2892pt too wide) in paragraph at lines 54--54
 []|\OT1/cmr/m/n/10 Monitor/Increase/Reduce/Assign| 
 []


Overfull \hbox (89.2892pt too wide) in paragraph at lines 56--56
 []|\OT1/cmr/m/n/10 Monitor/Increase/Reduce/Assign| 
 []


Overfull \hbox (52.4836pt too wide) in paragraph at lines 58--58
 []|\OT1/cmr/m/n/10 Monitor/Increase/Assign| 
 []


Overfull \hbox (12.17793pt too wide) in paragraph at lines 68--68
 []|\OT1/cmr/m/n/10 Increase/Assign| 
 []


Overfull \hbox (25.33578pt too wide) in paragraph at lines 79--96
 [][] 
 []

[3 <./scenario.png>] [4]
<overview.jpg, id=29, 963.6pt x 542.025pt>
File: overview.jpg Graphic file (type jpg)
<use overview.jpg>
Package pdftex.def Info: overview.jpg  used on input line 117.
(pdftex.def)             Requested size: 312.40906pt x 175.72595pt.
 [5] [6 <./overview.jpg>]) (./knowledgegraph.tex
<conceptmodel.png, id=36, 6022.5pt x 3387.65625pt>
File: conceptmodel.png Graphic file (type png)
<use conceptmodel.png>
Package pdftex.def Info: conceptmodel.png  used on input line 7.
(pdftex.def)             Requested size: 312.40906pt x 175.69908pt.

[7 <./conceptmodel.png>]
LaTeX Font Info:    Font shape `OMS/cmr/m/n' in size <5> not available
(Font)              Font shape `OMS/cmsy/m/n' tried instead on input line 53.

Overfull \hbox (1.19856pt too wide) in paragraph at lines 53--54
 []|[]| 
 []


Overfull \hbox (2.69862pt too wide) in paragraph at lines 54--54
 []|[]| 
 []


Overfull \hbox (2.47636pt too wide) in paragraph at lines 54--55
 []|[]| 
 []


LaTeX Warning: `h' float specifier changed to `ht'.


LaTeX Warning: `h' float specifier changed to `ht'.

[8]
LaTeX Font Info:    Font shape `OMS/cmr/m/n' in size <10> not available
(Font)              Font shape `OMS/cmsy/m/n' tried instead on input line 106.

Overfull \hbox (2.93268pt too wide) in paragraph at lines 106--107
\OT1/cmr/m/n/10 sit-u-a-tional knowl-edge, map-ping re-la-tion-ship be-tween co
n-cept in-stances and smart
 []

[9]
Underfull \vbox (badness 10000) has occurred while \output is active []

 [10]
Overfull \hbox (90.50702pt too wide) in paragraph at lines 122--141
 [][] 
 []

[11]

LaTeX Warning: Reference `fig:ch4' on page 12 undefined on input line 155.

) [12] (./execution.tex [13]
LaTeX Font Info:    Try loading font information for OML+cmr on input line 16.

(e:/NewSoft/latex/texlive/2019/texmf-dist/tex/latex/base/omlcmr.fd
File: omlcmr.fd 2014/09/29 v2.5h Standard LaTeX font definitions
)
LaTeX Font Info:    Font shape `OML/cmr/m/n' in size <10> not available
(Font)              Font shape `OML/cmm/m/it' tried instead on input line 16.
 [14]
Overfull \hbox (44.75542pt too wide) in alignment at lines 72--82
[][][] 
 []

[15] [16]) (./evaluation.tex [17]
<fig5_1.png, id=80, 817.3737pt x 569.2467pt>
File: fig5_1.png Graphic file (type png)
<use fig5_1.png>
Package pdftex.def Info: fig5_1.png  used on input line 31.
(pdftex.def)             Requested size: 173.56177pt x 120.87428pt.
<fig5_2.png, id=81, 817.3737pt x 569.2467pt>
File: fig5_2.png Graphic file (type png)
<use fig5_2.png>
Package pdftex.def Info: fig5_2.png  used on input line 31.
(pdftex.def)             Requested size: 173.56177pt x 120.87428pt.


LaTeX Warning: `h' float specifier changed to `ht'.

[18] [19 <./fig5_1.png> <./fig5_2.png>]
Underfull \vbox (badness 10000) has occurred while \output is active []

 [20]
Overfull \hbox (2.66609pt too wide) in paragraph at lines 54--63
 [][] 
 []

<fig6.png, id=94, 774.7344pt x 592.8549pt>
File: fig6.png Graphic file (type png)
<use fig6.png>
Package pdftex.def Info: fig6.png  used on input line 70.
(pdftex.def)             Requested size: 277.69987pt x 212.50488pt.

LaTeX Warning: `h' float specifier changed to `ht'.

[21]) (./relatedwork.tex) (./conclusion.tex) (./paper.bbl

LaTeX Warning: Empty `thebibliography' environment on input line 6.

) [22 <./fig6.png>] (./paper.aux)

LaTeX Warning: There were undefined references.


LaTeX Warning: There were multiply-defined labels.

 ) 
Here is how much of TeX's memory you used:
 4784 strings out of 492623
 66412 string characters out of 6126710
 158726 words of memory out of 5000000
 8594 multiletter control sequences out of 15000+600000
 8850 words of font info for 32 fonts, out of 8000000 for 9000
 1141 hyphenation exceptions out of 8191
 41i,21n,32p,3749b,328s stack positions out of 5000i,500n,10000p,200000b,80000s
<e:/NewSoft/latex/texlive/2019/texmf-dist/fonts/type1/public/amsfonts/cm/cmbx
10.pfb><e:/NewSoft/latex/texlive/2019/texmf-dist/fonts/type1/public/amsfonts/cm
/cmbx12.pfb><e:/NewSoft/latex/texlive/2019/texmf-dist/fonts/type1/public/amsfon
ts/cm/cmbx5.pfb><e:/NewSoft/latex/texlive/2019/texmf-dist/fonts/type1/public/am
sfonts/cm/cmbx9.pfb><e:/NewSoft/latex/texlive/2019/texmf-dist/fonts/type1/publi
c/amsfonts/cm/cmex10.pfb><e:/NewSoft/latex/texlive/2019/texmf-dist/fonts/type1/
public/amsfonts/cmextra/cmex7.pfb><e:/NewSoft/latex/texlive/2019/texmf-dist/fon
ts/type1/public/amsfonts/cm/cmmi10.pfb><e:/NewSoft/latex/texlive/2019/texmf-dis
t/fonts/type1/public/amsfonts/cm/cmmi5.pfb><e:/NewSoft/latex/texlive/2019/texmf
-dist/fonts/type1/public/amsfonts/cm/cmmi7.pfb><e:/NewSoft/latex/texlive/2019/t
exmf-dist/fonts/type1/public/amsfonts/cm/cmr10.pfb><e:/NewSoft/latex/texlive/20
19/texmf-dist/fonts/type1/public/amsfonts/cm/cmr5.pfb><e:/NewSoft/latex/texlive
/2019/texmf-dist/fonts/type1/public/amsfonts/cm/cmr6.pfb><e:/NewSoft/latex/texl
ive/2019/texmf-dist/fonts/type1/public/amsfonts/cm/cmr7.pfb><e:/NewSoft/latex/t
exlive/2019/texmf-dist/fonts/type1/public/amsfonts/cm/cmr9.pfb><e:/NewSoft/late
x/texlive/2019/texmf-dist/fonts/type1/public/amsfonts/cm/cmsy10.pfb><e:/NewSoft
/latex/texlive/2019/texmf-dist/fonts/type1/public/amsfonts/cm/cmsy5.pfb><e:/New
Soft/latex/texlive/2019/texmf-dist/fonts/type1/public/amsfonts/cm/cmsy7.pfb><e:
/NewSoft/latex/texlive/2019/texmf-dist/fonts/type1/public/amsfonts/cm/cmsy9.pfb
>
Output written on paper.pdf (22 pages, 1216939 bytes).
PDF statistics:
 160 PDF objects out of 1000 (max. 8388607)
 105 compressed objects within 2 object streams
 0 named destinations out of 1000 (max. 500000)
 31 words of extra memory for PDF output out of 10000 (max. 10000000)

